

2016-02-23 06:47:32 : Redirecting to payubiz
2016-02-23 06:47:33 : aaya
2016-02-23 06:47:33 : aaya hi gaya
2016-02-23 06:47:33 : hh  aaya hi gaya
2016-02-23 06:47:33 : uuuu aaya hi gaya
2016-02-23 06:50:52 : Redirecting to payubiz
2016-02-23 06:50:52 : aaya
2016-02-23 06:50:52 : aaya hi gaya
2016-02-23 06:50:52 : hh  aaya hi gaya
2016-02-23 06:50:52 : uuuu aaya hi gaya
2016-02-23 06:53:35 : Redirecting to payubiz
2016-02-23 06:53:35 : aaya
2016-02-23 06:53:35 : aaya hi gaya
2016-02-23 06:53:35 : hh  aaya hi gaya
2016-02-23 06:53:35 : uuuu aaya hi gaya
2016-02-23 06:54:26 : Redirecting to payubiz
2016-02-23 06:54:26 : aaya
2016-02-23 06:54:26 : uuuu aaya hi gaya
2016-02-23 06:54:51 : Redirecting to payubiz
2016-02-23 06:54:51 : aaya
2016-02-23 06:54:51 : uuuu aaya hi gaya
2016-02-23 06:55:38 : Redirecting to payubiz
2016-02-23 06:55:38 : aaya
2016-02-23 06:55:38 : uuuu aaya hi gaya
2016-02-23 06:56:08 : Redirecting to payubiz
2016-02-23 06:56:08 : aaya
2016-02-23 06:56:08 : uuuu aaya hi gaya
2016-02-23 06:58:15 : Redirecting to payubiz
2016-02-23 06:58:15 : aaya
2016-02-23 06:58:15 : aaya hi gaya
2016-02-23 06:58:15 : hh  aaya hi gaya
2016-02-23 06:58:15 : uuuu aaya hi gaya
2016-02-23 06:59:41 : Redirecting to payubiz
2016-02-23 06:59:41 : aaya
2016-02-23 06:59:41 : aaya hi gaya
2016-02-23 06:59:41 : hh  aaya hi gaya
2016-02-23 06:59:41 : uuuu aaya hi gaya
2016-02-23 07:00:38 : Redirecting to payubiz
2016-02-23 07:00:38 : aaya
2016-02-23 07:00:38 : uuuu aaya hi gaya
2016-02-23 07:01:51 : Redirecting to payubiz
2016-02-23 07:01:51 : aaya
2016-02-23 07:01:51 : aaya hi gaya
2016-02-23 07:01:51 : hh  aaya hi gaya
2016-02-23 07:01:51 : uuuu aaya hi gaya
2016-02-23 07:03:54 : Redirecting to payubiz
2016-02-23 07:03:54 : aaya
2016-02-23 07:03:54 : aaya hi gaya
2016-02-23 07:03:54 : hh  aaya hi gaya
2016-02-23 07:03:54 : uuuu aaya hi gaya
2016-02-23 07:04:51 : Redirecting to payubiz
2016-02-23 07:04:51 : aaya
2016-02-23 07:04:51 : uuuu aaya hi gaya
2016-02-23 07:05:10 : Redirecting to payubiz
2016-02-23 07:05:10 : aaya
2016-02-23 07:05:10 : uuuu aaya hi gaya
2016-02-23 07:06:29 : Redirecting to payubiz
2016-02-23 07:06:29 : aaya
2016-02-23 07:06:29 : uuuu aaya hi gaya
2016-02-23 07:06:59 : Redirecting to payubiz
2016-02-23 07:06:59 : aaya
2016-02-23 07:06:59 : uuuu aaya hi gaya
2016-02-23 07:09:08 : Redirecting to payubiz
2016-02-23 07:09:08 : aaya
2016-02-23 07:09:08 : aaya hi gaya
2016-02-23 07:09:08 : hh  aaya hi gaya
2016-02-23 07:09:08 : uuuu aaya hi gaya
2016-02-23 07:09:41 : Redirecting to payubiz
2016-02-23 07:09:41 : aaya
2016-02-23 07:09:41 : uuuu aaya hi gaya
2016-02-23 07:11:32 : Redirecting to payubiz
2016-02-23 07:11:32 : aaya
2016-02-23 07:11:32 : uuuu aaya hi gaya
2016-02-23 07:13:03 : Redirecting to payubiz
2016-02-23 07:13:04 : aaya
2016-02-23 07:13:04 : aaya hi gaya
2016-02-23 07:13:04 : hh  aaya hi gaya
2016-02-23 07:13:04 : uuuu aaya hi gaya
2016-02-23 07:14:58 : Redirecting to payubiz
2016-02-23 07:14:58 : aaya
2016-02-23 07:14:58 : uuuu aaya hi gaya
2016-02-23 07:16:58 : Redirecting to payubiz
2016-02-23 07:16:58 : aaya
2016-02-23 07:16:58 : aaya hi gaya
2016-02-23 07:16:58 : hh  aaya hi gaya
2016-02-23 07:16:58 : uuuu aaya hi gaya
2016-02-23 07:17:29 : Redirecting to payubiz
2016-02-23 07:17:29 : aaya
2016-02-23 07:17:29 : uuuu aaya hi gaya
2016-02-23 07:18:13 : Redirecting to payubiz
2016-02-23 07:18:13 : aaya
2016-02-23 07:18:13 : uuuu aaya hi gaya
2016-02-23 07:21:16 : Redirecting to payubiz
2016-02-23 07:21:16 : aaya
2016-02-23 07:21:16 : aaya hi gaya
2016-02-23 07:21:16 : hh  aaya hi gaya
2016-02-23 07:21:16 : uuuu aaya hi gaya
2016-02-23 07:22:54 : Redirecting to payubiz
2016-02-23 07:22:54 : aaya
2016-02-23 07:22:54 : aaya hi gaya
2016-02-23 07:22:54 : hh  aaya hi gaya
2016-02-23 07:22:54 : uuuu aaya hi gaya
2016-02-23 07:23:19 : Redirecting to payubiz
2016-02-23 07:23:19 : aaya
2016-02-23 07:23:19 : uuuu aaya hi gaya
2016-02-23 07:23:59 : Redirecting to payubiz
2016-02-23 07:24:00 : Redirecting to payubiz
2016-02-23 07:24:00 : Redirecting to payubiz
2016-02-23 07:25:12 : Redirecting to payubiz
2016-02-23 07:26:29 : Redirecting to payubiz
2016-02-23 07:31:05 : Redirecting to payubiz
2016-02-23 07:33:48 : Redirecting to payubiz
2016-02-23 07:34:54 : Redirecting to payubiz
2016-02-23 07:35:40 : Redirecting to payubiz
2016-02-23 07:36:21 : Redirecting to payubiz
2016-02-23 07:38:24 : Redirecting to payubiz
2016-02-23 07:42:50 : Redirecting to payubiz
2016-02-23 07:42:55 : Redirecting to payubiz
2016-02-23 07:45:30 : Redirecting to payubiz
2016-02-23 07:45:36 : Redirecting to payubiz
2016-02-23 07:55:21 : Redirecting to payubiz
2016-02-23 07:55:42 : Redirecting to payubiz
2016-02-23 07:56:43 : Redirecting to payubiz
2016-02-23 07:57:39 : Redirecting to payubiz
2016-02-23 08:03:02 : Redirecting to payubiz
2016-02-23 08:14:51 : Redirecting to payubiz
2016-02-23 08:15:42 : Redirecting to payubiz
2016-02-23 08:18:46 : Redirecting to payubiz
2016-02-23 08:25:17 : Redirecting to payubiz
2016-02-23 08:25:44 : Redirecting to payubiz
2016-02-23 08:43:50 : Redirecting to payubiz
2016-02-23 08:44:55 : Redirecting to payubiz
2016-02-23 08:45:04 : Redirecting to payubiz
2016-02-23 08:46:01 : Redirecting to payubiz
2016-02-23 08:46:43 : Redirecting to payubiz
2016-02-23 09:37:20 : Redirecting to payubiz
2016-02-23 09:40:58 : Redirecting to payubiz
2016-02-23 09:43:46 : Redirecting to payubiz
2016-02-23 09:45:33 : Redirecting to payubiz
2016-02-23 09:54:45 : Redirecting to payubiz
2016-02-23 09:56:04 : Redirecting to payubiz
2016-02-23 09:57:31 : Redirecting to payubiz
2016-02-23 10:00:00 : Redirecting to payubiz
2016-02-23 10:02:22 : Redirecting to payubiz
2016-02-23 10:03:19 : Redirecting to payubiz
2016-02-23 10:04:05 : Redirecting to payubiz
2016-02-23 10:05:47 : Redirecting to payubiz
2016-02-23 10:08:15 : Redirecting to payubiz
2016-02-23 10:12:11 : Redirecting to payubiz
2016-02-23 10:12:32 : Redirecting to payubiz
2016-02-23 10:12:36 : Redirecting to payubiz
2016-02-23 10:14:45 : Redirecting to payubiz
2016-02-23 10:14:49 : Redirecting to payubiz
2016-02-23 10:16:20 : Redirecting to payubiz
2016-02-23 10:18:54 : Redirecting to payubiz
2016-02-23 10:21:58 : Redirecting to payubiz
2016-02-23 10:25:04 : Redirecting to payubiz
2016-02-23 10:38:50 : Redirecting to payubiz
2016-02-23 10:41:50 : Redirecting to payubiz
2016-02-23 10:44:30 : Redirecting to payubiz
2016-02-23 10:49:10 : Redirecting to payubiz
2016-02-23 10:55:28 : Redirecting to payubiz
2016-02-23 11:02:30 : Redirecting to payubiz
2016-02-23 11:07:08 : Redirecting to payubiz
2016-02-23 11:12:18 : Redirecting to payubiz
2016-02-23 11:53:52 : Redirecting to payubiz
2016-02-23 12:03:36 : Redirecting to payubiz
2016-02-23 12:06:10 : Redirecting to payubiz
2016-02-23 12:09:52 : Redirecting to payubiz
2016-02-23 12:12:42 : Redirecting to payubiz
2016-02-23 13:30:58 : Redirecting to payubiz
